[03-Dec-2020 01:15:16 UTC] PHP Warning:  PHP Startup: Unable to load dynamic library 'php_gd2.dll' (tried: ext\php_gd2.dll (The specified module could not be found), ext\php_php_gd2.dll.dll (The specified module could not be found)) in Unknown on line 0
[03-Dec-2020 01:15:17 UTC] PHP Warning:  PHP Startup: Unable to load dynamic library 'php_interbase.dll' (tried: ext\php_interbase.dll (The specified module could not be found), ext\php_php_interbase.dll.dll (The specified module could not be found)) in Unknown on line 0
[03-Dec-2020 01:15:17 UTC] PHP Warning:  PHP Startup: Unable to load dynamic library 'php_oci8_12c.dll' (tried: ext\php_oci8_12c.dll (The specified module could not be found), ext\php_php_oci8_12c.dll.dll (The specified module could not be found)) in Unknown on line 0
[03-Dec-2020 01:15:17 UTC] PHP Warning:  PHP Startup: Unable to load dynamic library 'php_pdo_firebird.dll' (tried: ext\php_pdo_firebird.dll (The specified module could not be found), ext\php_php_pdo_firebird.dll.dll (The specified module could not be found)) in Unknown on line 0
[03-Dec-2020 01:15:17 UTC] PHP Warning:  PHP Startup: Unable to load dynamic library 'php_pdo_oci.dll' (tried: ext\php_pdo_oci.dll (The specified module could not be found), ext\php_php_pdo_oci.dll.dll (The specified module could not be found)) in Unknown on line 0
[03-Dec-2020 01:19:14 UTC] PHP Warning:  PHP Startup: Unable to load dynamic library 'php_gd2.dll' (tried: ext\php_gd2.dll (The specified module could not be found), ext\php_php_gd2.dll.dll (The specified module could not be found)) in Unknown on line 0
[03-Dec-2020 01:19:14 UTC] PHP Warning:  PHP Startup: Unable to load dynamic library 'php_interbase.dll' (tried: ext\php_interbase.dll (The specified module could not be found), ext\php_php_interbase.dll.dll (The specified module could not be found)) in Unknown on line 0
[03-Dec-2020 01:19:14 UTC] PHP Warning:  PHP Startup: Unable to load dynamic library 'php_oci8_12c.dll' (tried: ext\php_oci8_12c.dll (The specified module could not be found), ext\php_php_oci8_12c.dll.dll (The specified module could not be found)) in Unknown on line 0
[03-Dec-2020 01:19:14 UTC] PHP Warning:  PHP Startup: Unable to load dynamic library 'php_pdo_firebird.dll' (tried: ext\php_pdo_firebird.dll (The specified module could not be found), ext\php_php_pdo_firebird.dll.dll (The specified module could not be found)) in Unknown on line 0
[03-Dec-2020 01:19:15 UTC] PHP Warning:  PHP Startup: Unable to load dynamic library 'php_pdo_oci.dll' (tried: ext\php_pdo_oci.dll (The specified module could not be found), ext\php_php_pdo_oci.dll.dll (The specified module could not be found)) in Unknown on line 0
[03-Dec-2020 01:24:08 UTC] PHP Warning:  PHP Startup: Unable to load dynamic library 'php_gd2.dll' (tried: ext\php_gd2.dll (The specified module could not be found), ext\php_php_gd2.dll.dll (The specified module could not be found)) in Unknown on line 0
[03-Dec-2020 01:24:08 UTC] PHP Warning:  PHP Startup: Unable to load dynamic library 'php_interbase.dll' (tried: ext\php_interbase.dll (The specified module could not be found), ext\php_php_interbase.dll.dll (The specified module could not be found)) in Unknown on line 0
[03-Dec-2020 01:24:08 UTC] PHP Warning:  PHP Startup: Unable to load dynamic library 'php_oci8_12c.dll' (tried: ext\php_oci8_12c.dll (The specified module could not be found), ext\php_php_oci8_12c.dll.dll (The specified module could not be found)) in Unknown on line 0
[03-Dec-2020 01:24:08 UTC] PHP Warning:  PHP Startup: Unable to load dynamic library 'php_pdo_firebird.dll' (tried: ext\php_pdo_firebird.dll (The specified module could not be found), ext\php_php_pdo_firebird.dll.dll (The specified module could not be found)) in Unknown on line 0
[03-Dec-2020 01:24:08 UTC] PHP Warning:  PHP Startup: Unable to load dynamic library 'php_pdo_oci.dll' (tried: ext\php_pdo_oci.dll (The specified module could not be found), ext\php_php_pdo_oci.dll.dll (The specified module could not be found)) in Unknown on line 0
[03-Dec-2020 01:24:43 UTC] PHP Warning:  PHP Startup: Unable to load dynamic library 'php_gd2.dll' (tried: ext\php_gd2.dll (The specified module could not be found), ext\php_php_gd2.dll.dll (The specified module could not be found)) in Unknown on line 0
[03-Dec-2020 01:24:43 UTC] PHP Warning:  PHP Startup: Unable to load dynamic library 'php_interbase.dll' (tried: ext\php_interbase.dll (The specified module could not be found), ext\php_php_interbase.dll.dll (The specified module could not be found)) in Unknown on line 0
[03-Dec-2020 01:24:43 UTC] PHP Warning:  PHP Startup: Unable to load dynamic library 'php_oci8_12c.dll' (tried: ext\php_oci8_12c.dll (The specified module could not be found), ext\php_php_oci8_12c.dll.dll (The specified module could not be found)) in Unknown on line 0
[03-Dec-2020 01:24:43 UTC] PHP Warning:  PHP Startup: Unable to load dynamic library 'php_pdo_firebird.dll' (tried: ext\php_pdo_firebird.dll (The specified module could not be found), ext\php_php_pdo_firebird.dll.dll (The specified module could not be found)) in Unknown on line 0
[03-Dec-2020 01:24:43 UTC] PHP Warning:  PHP Startup: Unable to load dynamic library 'php_pdo_oci.dll' (tried: ext\php_pdo_oci.dll (The specified module could not be found), ext\php_php_pdo_oci.dll.dll (The specified module could not be found)) in Unknown on line 0
[03-Dec-2020 01:24:43 UTC] PHP Warning:  mysqli::__construct(): (HY000/1045): Access denied for user 'root'@'localhost' (using password: YES) in C:\Users\chauh\source\repos\Citi College\Dec\02\dbConnect.php on line 7
[03-Dec-2020 01:38:36 UTC] PHP Warning:  PHP Startup: Unable to load dynamic library 'php_gd2.dll' (tried: ext\php_gd2.dll (The specified module could not be found), ext\php_php_gd2.dll.dll (The specified module could not be found)) in Unknown on line 0
[03-Dec-2020 01:38:36 UTC] PHP Warning:  PHP Startup: Unable to load dynamic library 'php_interbase.dll' (tried: ext\php_interbase.dll (The specified module could not be found), ext\php_php_interbase.dll.dll (The specified module could not be found)) in Unknown on line 0
[03-Dec-2020 01:38:36 UTC] PHP Warning:  PHP Startup: Unable to load dynamic library 'php_oci8_12c.dll' (tried: ext\php_oci8_12c.dll (The specified module could not be found), ext\php_php_oci8_12c.dll.dll (The specified module could not be found)) in Unknown on line 0
[03-Dec-2020 01:38:36 UTC] PHP Warning:  PHP Startup: Unable to load dynamic library 'php_pdo_firebird.dll' (tried: ext\php_pdo_firebird.dll (The specified module could not be found), ext\php_php_pdo_firebird.dll.dll (The specified module could not be found)) in Unknown on line 0
[03-Dec-2020 01:38:37 UTC] PHP Warning:  PHP Startup: Unable to load dynamic library 'php_pdo_oci.dll' (tried: ext\php_pdo_oci.dll (The specified module could not be found), ext\php_php_pdo_oci.dll.dll (The specified module could not be found)) in Unknown on line 0
[03-Dec-2020 01:39:16 UTC] PHP Warning:  PHP Startup: Unable to load dynamic library 'php_gd2.dll' (tried: ext\php_gd2.dll (The specified module could not be found), ext\php_php_gd2.dll.dll (The specified module could not be found)) in Unknown on line 0
[03-Dec-2020 01:39:16 UTC] PHP Warning:  PHP Startup: Unable to load dynamic library 'php_interbase.dll' (tried: ext\php_interbase.dll (The specified module could not be found), ext\php_php_interbase.dll.dll (The specified module could not be found)) in Unknown on line 0
[03-Dec-2020 01:39:16 UTC] PHP Warning:  PHP Startup: Unable to load dynamic library 'php_oci8_12c.dll' (tried: ext\php_oci8_12c.dll (The specified module could not be found), ext\php_php_oci8_12c.dll.dll (The specified module could not be found)) in Unknown on line 0
[03-Dec-2020 01:39:16 UTC] PHP Warning:  PHP Startup: Unable to load dynamic library 'php_pdo_firebird.dll' (tried: ext\php_pdo_firebird.dll (The specified module could not be found), ext\php_php_pdo_firebird.dll.dll (The specified module could not be found)) in Unknown on line 0
[03-Dec-2020 01:39:16 UTC] PHP Warning:  PHP Startup: Unable to load dynamic library 'php_pdo_oci.dll' (tried: ext\php_pdo_oci.dll (The specified module could not be found), ext\php_php_pdo_oci.dll.dll (The specified module could not be found)) in Unknown on line 0
